<?xml version="1.0" encoding="UTF-8"?>
<testng-results skipped="0" failed="0" total="1" passed="1">
  <reporter-output>
  </reporter-output>
  <suite name="HMS Results" duration-ms="19736" started-at="2019-11-21T13:04:13Z" finished-at="2019-11-21T13:04:32Z">
    <groups>
    </groups>
    <test name="HMS Test" duration-ms="19736" started-at="2019-11-21T13:04:13Z" finished-at="2019-11-21T13:04:32Z">
      <class name="TestNGPackage.Sel3_HMS_Login">
        <test-method status="PASS" signature="beforeTest()[pri:0, instance:TestNGPackage.Sel3_HMS_Login@58651fd0]" name="beforeTest" is-config="true" duration-ms="11972" started-at="2019-11-21T15:04:13Z" finished-at="2019-11-21T15:04:25Z">
          <reporter-output>
          </reporter-output>
        </test-method> <!-- beforeTest -->
        <test-method status="PASS" signature="f()[pri:0, instance:TestNGPackage.Sel3_HMS_Login@58651fd0]" name="f" duration-ms="3399" started-at="2019-11-21T15:04:25Z" finished-at="2019-11-21T15:04:28Z">
          <reporter-output>
          </reporter-output>
        </test-method> <!-- f -->
        <test-method status="PASS" signature="afterTest()[pri:0, instance:TestNGPackage.Sel3_HMS_Login@58651fd0]" name="afterTest" is-config="true" duration-ms="4347" started-at="2019-11-21T15:04:28Z" finished-at="2019-11-21T15:04:32Z">
          <reporter-output>
          </reporter-output>
        </test-method> <!-- afterTest -->
      </class> <!-- TestNGPackage.Sel3_HMS_Login -->
    </test> <!-- HMS Test -->
  </suite> <!-- HMS Results -->
</testng-results>
